<?xml version="1.0" encoding="UTF-8"?>
<!-- Generated by org.testng.reporters.JUnitReportReporter -->
<testsuite hostname="LAPTOP-BJQHU9G0" failures="0" tests="2" name="com.vtiger.practice.Practice$practiceTest" time="0.461" errors="0" timestamp="31 May 2022 04:06:02 GMT" skipped="0">
  <testcase classname="com.vtiger.practice.Practice$practiceTest" name="practice1" time="0.019"/>
  <testcase classname="com.vtiger.practice.Practice$practiceTest" name="practice" time="0.442"/>
</testsuite> <!-- com.vtiger.practice.Practice$practiceTest -->
